# JRE version: OpenJDK Runtime Environment (8.0_152-b01) (build 1.8.0_152-release-1343-b01)
# Java VM: OpenJDK 64-Bit Server VM (25.152-b01 mixed mode windows-amd64 compressed oops)
Heap:
 PSYoungGen      total 177664K, used 22768K [0x00000000e0000000, 0x00000000ef000000, 0x0000000100000000)
  eden space 160768K, 14% used [0x00000000e0000000,0x00000000e163c088,0x00000000e9d00000)
  from space 16896K, 0% used [0x00000000edf80000,0x00000000edf80000,0x00000000ef000000)
  to   space 13312K, 0% used [0x00000000e9d00000,0x00000000e9d00000,0x00000000eaa00000)
 ParOldGen       total 88064K, used 32470K [0x00000000a0000000, 0x00000000a5600000, 0x00000000e0000000)
  object space 88064K, 36% used [0x00000000a0000000,0x00000000a1fb5848,0x00000000a5600000)
 Metaspace       used 58577K, capacity 60224K, committed 60456K, reserved 1101824K
  class space    used 7962K, capacity 8379K, committed 8488K, reserved 1048576K
GC Heap History (10 events):
Event: 5.461 GC heap before
{Heap before GC invocations=9 (full 1):
 PSYoungGen      total 141312K, used 21162K [0x00000000e0000000, 0x00000000eb700000, 0x0000000100000000)
  eden space 129536K, 7% used [0x00000000e0000000,0x00000000e0932198,0x00000000e7e80000)
  from space 11776K, 99% used [0x00000000e7e80000,0x00000000e89f89f0,0x00000000e8a00000)
  to   space 13312K, 0% used [0x00000000eaa00000,0x00000000eaa00000,0x00000000eb700000)
 ParOldGen       total 63488K, used 10408K [0x00000000a0000000, 0x00000000a3e00000, 0x00000000e0000000)
  object space 63488K, 16% used [0x00000000a0000000,0x00000000a0a2a358,0x00000000a3e00000)
 Metaspace       used 34800K, capacity 35432K, committed 35496K, reserved 1079296K
  class space    used 4809K, capacity 5031K, committed 5032K, reserved 1048576K
Event: 5.470 GC heap after
Heap after GC invocations=9 (full 1):
 PSYoungGen      total 174080K, used 8398K [0x00000000e0000000, 0x00000000ef500000, 0x0000000100000000)
  eden space 160768K, 0% used [0x00000000e0000000,0x00000000e0000000,0x00000000e9d00000)
  from space 13312K, 63% used [0x00000000eaa00000,0x00000000eb233878,0x00000000eb700000)
  to   space 13312K, 0% used [0x00000000e9d00000,0x00000000e9d00000,0x00000000eaa00000)
 ParOldGen       total 63488K, used 10416K [0x00000000a0000000, 0x00000000a3e00000, 0x00000000e0000000)
  object space 63488K, 16% used [0x00000000a0000000,0x00000000a0a2c358,0x00000000a3e00000)
 Metaspace       used 34800K, capacity 35432K, committed 35496K, reserved 1079296K
  class space    used 4809K, capacity 5031K, committed 5032K, reserved 1048576K
}
Event: 5.470 GC heap before
{Heap before GC invocations=10 (full 2):
 PSYoungGen      total 174080K, used 8398K [0x00000000e0000000, 0x00000000ef500000, 0x0000000100000000)
  eden space 160768K, 0% used [0x00000000e0000000,0x00000000e0000000,0x00000000e9d00000)
  from space 13312K, 63% used [0x00000000eaa00000,0x00000000eb233878,0x00000000eb700000)
  to   space 13312K, 0% used [0x00000000e9d00000,0x00000000e9d00000,0x00000000eaa00000)
 ParOldGen       total 63488K, used 10416K [0x00000000a0000000, 0x00000000a3e00000, 0x00000000e0000000)
  object space 63488K, 16% used [0x00000000a0000000,0x00000000a0a2c358,0x00000000a3e00000)
 Metaspace       used 34800K, capacity 35432K, committed 35496K, reserved 1079296K
  class space    used 4809K, capacity 5031K, committed 5032K, reserved 1048576K
Event: 5.531 GC heap after
Heap after GC invocations=10 (full 2):
 PSYoungGen      total 174080K, used 0K [0x00000000e0000000, 0x00000000ef500000, 0x0000000100000000)
  eden space 160768K, 0% used [0x00000000e0000000,0x00000000e0000000,0x00000000e9d00000)
  from space 13312K, 0% used [0x00000000eaa00000,0x00000000eaa00000,0x00000000eb700000)
  to   space 13312K, 0% used [0x00000000e9d00000,0x00000000e9d00000,0x00000000eaa00000)
 ParOldGen       total 88064K, used 15182K [0x00000000a0000000, 0x00000000a5600000, 0x00000000e0000000)
  object space 88064K, 17% used [0x00000000a0000000,0x00000000a0ed3b18,0x00000000a5600000)
 Metaspace       used 34787K, capacity 35390K, committed 35496K, reserved 1079296K
  class space    used 4805K, capacity 5024K, committed 5032K, reserved 1048576K
}
Event: 7.412 GC heap before
{Heap before GC invocations=11 (full 2):
 PSYoungGen      total 174080K, used 160768K [0x00000000e0000000, 0x00000000ef500000, 0x0000000100000000)
  eden space 160768K, 100% used [0x00000000e0000000,0x00000000e9d00000,0x00000000e9d00000)
  from space 13312K, 0% used [0x00000000eaa00000,0x00000000eaa00000,0x00000000eb700000)
  to   space 13312K, 0% used [0x00000000e9d00000,0x00000000e9d00000,0x00000000eaa00000)
 ParOldGen       total 88064K, used 15182K [0x00000000a0000000, 0x00000000a5600000, 0x00000000e0000000)
  object space 88064K, 17% used [0x00000000a0000000,0x00000000a0ed3b18,0x00000000a5600000)
 Metaspace       used 50056K, capacity 51062K, committed 51368K, reserved 1093632K
  class space    used 6737K, capacity 7006K, committed 7080K, reserved 1048576K
Event: 7.429 GC heap after
Heap after GC invocations=11 (full 2):
 PSYoungGen      total 174080K, used 13298K [0x00000000e0000000, 0x00000000ef000000, 0x0000000100000000)
  eden space 160768K, 0% used [0x00000000e0000000,0x00000000e0000000,0x00000000e9d00000)
  from space 13312K, 99% used [0x00000000e9d00000,0x00000000ea9fc9d8,0x00000000eaa00000)
  to   space 16896K, 0% used [0x00000000edf80000,0x00000000edf80000,0x00000000ef000000)
 ParOldGen       total 88064K, used 20543K [0x00000000a0000000, 0x00000000a5600000, 0x00000000e0000000)
  object space 88064K, 23% used [0x00000000a0000000,0x00000000a140ffb8,0x00000000a5600000)
 Metaspace       used 50056K, capacity 51062K, committed 51368K, reserved 1093632K
  class space    used 6737K, capacity 7006K, committed 7080K, reserved 1048576K
}
Event: 8.225 GC heap before
{Heap before GC invocations=12 (full 2):
 PSYoungGen      total 174080K, used 104112K [0x00000000e0000000, 0x00000000ef000000, 0x0000000100000000)
  eden space 160768K, 56% used [0x00000000e0000000,0x00000000e58afa10,0x00000000e9d00000)
  from space 13312K, 99% used [0x00000000e9d00000,0x00000000ea9fc9d8,0x00000000eaa00000)
  to   space 16896K, 0% used [0x00000000edf80000,0x00000000edf80000,0x00000000ef000000)
 ParOldGen       total 88064K, used 20543K [0x00000000a0000000, 0x00000000a5600000, 0x00000000e0000000)
  object space 88064K, 23% used [0x00000000a0000000,0x00000000a140ffb8,0x00000000a5600000)
 Metaspace       used 57367K, capacity 58770K, committed 58920K, reserved 1103872K
  class space    used 7753K, capacity 8108K, committed 8232K, reserved 1048576K
Event: 8.238 GC heap after
Heap after GC invocations=12 (full 2):
 PSYoungGen      total 177664K, used 16877K [0x00000000e0000000, 0x00000000ef000000, 0x0000000100000000)
  eden space 160768K, 0% used [0x00000000e0000000,0x00000000e0000000,0x00000000e9d00000)
  from space 16896K, 99% used [0x00000000edf80000,0x00000000eeffb530,0x00000000ef000000)
  to   space 13312K, 0% used [0x00000000e9d00000,0x00000000e9d00000,0x00000000eaa00000)
 ParOldGen       total 88064K, used 22673K [0x00000000a0000000, 0x00000000a5600000, 0x00000000e0000000)
  object space 88064K, 25% used [0x00000000a0000000,0x00000000a16245a8,0x00000000a5600000)
 Metaspace       used 57367K, capacity 58770K, committed 58920K, reserved 1103872K
  class space    used 7753K, capacity 8108K, committed 8232K, reserved 1048576K
}
Event: 8.239 GC heap before
{Heap before GC invocations=13 (full 3):
 PSYoungGen      total 177664K, used 16877K [0x00000000e0000000, 0x00000000ef000000, 0x0000000100000000)
  eden space 160768K, 0% used [0x00000000e0000000,0x00000000e0000000,0x00000000e9d00000)
  from space 16896K, 99% used [0x00000000edf80000,0x00000000eeffb530,0x00000000ef000000)
  to   space 13312K, 0% used [0x00000000e9d00000,0x00000000e9d00000,0x00000000eaa00000)
 ParOldGen       total 88064K, used 22673K [0x00000000a0000000, 0x00000000a5600000, 0x00000000e0000000)
  object space 88064K, 25% used [0x00000000a0000000,0x00000000a16245a8,0x00000000a5600000)
 Metaspace       used 57367K, capacity 58770K, committed 58920K, reserved 1103872K
  class space    used 7753K, capacity 8108K, committed 8232K, reserved 1048576K
Event: 8.416 GC heap after
Heap after GC invocations=13 (full 3):
 PSYoungGen      total 177664K, used 0K [0x00000000e0000000, 0x00000000ef000000, 0x0000000100000000)
  eden space 160768K, 0% used [0x00000000e0000000,0x00000000e0000000,0x00000000e9d00000)
  from space 16896K, 0% used [0x00000000edf80000,0x00000000edf80000,0x00000000ef000000)
  to   space 13312K, 0% used [0x00000000e9d00000,0x00000000e9d00000,0x00000000eaa00000)
 ParOldGen       total 88064K, used 32470K [0x00000000a0000000, 0x00000000a5600000, 0x00000000e0000000)
  object space 88064K, 36% used [0x00000000a0000000,0x00000000a1fb5848,0x00000000a5600000)
 Metaspace       used 57367K, capacity 58770K, committed 58920K, reserved 1101824K
  class space    used 7753K, capacity 8108K, committed 8232K, reserved 1048576K
}

